2023-07-03 21:23:10,558 INFO  [Log] **************************************************************************************** 
2023-07-03 21:23:10,558 INFO  [Log] **************************************************************************************** 
2023-07-03 21:23:10,559 INFO  [Log] $$$$$$$$$$$$$$$$$$$$$                 My batch 16 test case starts here       $$$$$$$$$$$$$$$$$$$$$$$$$ 
2023-07-03 21:23:10,559 INFO  [Log] **************************************************************************************** 
2023-07-03 21:23:10,559 INFO  [Log] **************************************************************************************** 
2023-07-03 21:23:10,654 INFO  [Log] My username has been entered 
2023-07-03 21:23:10,721 INFO  [Log] My password has been entered 
2023-07-05 19:43:49,106 INFO  [Log] **************************************************************************************** 
2023-07-05 19:43:49,106 INFO  [Log] **************************************************************************************** 
2023-07-05 19:43:49,107 INFO  [Log] $$$$$$$$$$$$$$$$$$$$$                 My batch 16 test case starts here       $$$$$$$$$$$$$$$$$$$$$$$$$ 
2023-07-05 19:43:49,107 INFO  [Log] **************************************************************************************** 
2023-07-05 19:43:49,107 INFO  [Log] **************************************************************************************** 
2023-07-05 19:43:49,201 INFO  [Log] my username has been entered 
2023-07-05 19:43:49,271 INFO  [Log] My password has been entered 
2023-07-26 21:16:24,010 INFO  [Log] **************************************************************************************** 
2023-07-26 21:16:24,010 INFO  [Log] **************************************************************************************** 
2023-07-26 21:16:24,012 INFO  [Log] $$$$$$$$$$$$$$$$$$$$$                 My batch 16 test case starts here       $$$$$$$$$$$$$$$$$$$$$$$$$ 
2023-07-26 21:16:24,012 INFO  [Log] **************************************************************************************** 
2023-07-26 21:16:24,012 INFO  [Log] **************************************************************************************** 
2023-07-26 21:16:24,105 INFO  [Log] my username has been entered 
2023-07-26 21:16:24,174 INFO  [Log] My password has been entered 
2023-07-26 21:17:45,065 INFO  [Log] **************************************************************************************** 
2023-07-26 21:17:45,065 INFO  [Log] **************************************************************************************** 
2023-07-26 21:17:45,066 INFO  [Log] $$$$$$$$$$$$$$$$$$$$$                 My batch 16 test case starts here       $$$$$$$$$$$$$$$$$$$$$$$$$ 
2023-07-26 21:17:45,066 INFO  [Log] **************************************************************************************** 
2023-07-26 21:17:45,066 INFO  [Log] **************************************************************************************** 
2023-07-26 21:17:45,166 INFO  [Log] my username has been entered 
2023-07-26 21:17:45,235 INFO  [Log] My password has been entered 
2023-07-26 21:20:41,198 INFO  [Log] **************************************************************************************** 
2023-07-26 21:20:41,198 INFO  [Log] **************************************************************************************** 
2023-07-26 21:20:41,199 INFO  [Log] $$$$$$$$$$$$$$$$$$$$$                 My batch 16 test case starts here       $$$$$$$$$$$$$$$$$$$$$$$$$ 
2023-07-26 21:20:41,199 INFO  [Log] **************************************************************************************** 
2023-07-26 21:20:41,199 INFO  [Log] **************************************************************************************** 
2023-07-26 21:20:41,292 INFO  [Log] my username has been entered 
2023-07-26 21:20:41,360 INFO  [Log] My password has been entered 
2023-07-26 21:24:23,287 INFO  [Log] **************************************************************************************** 
2023-07-26 21:24:23,287 INFO  [Log] **************************************************************************************** 
2023-07-26 21:24:23,289 INFO  [Log] $$$$$$$$$$$$$$$$$$$$$                 My batch 16 test case starts here       $$$$$$$$$$$$$$$$$$$$$$$$$ 
2023-07-26 21:24:23,289 INFO  [Log] **************************************************************************************** 
2023-07-26 21:24:23,289 INFO  [Log] **************************************************************************************** 
2023-07-26 21:24:23,381 INFO  [Log] my username has been entered 
2023-07-26 21:24:23,451 INFO  [Log] My password has been entered 
2023-07-26 21:26:19,061 INFO  [Log] **************************************************************************************** 
2023-07-26 21:26:19,061 INFO  [Log] **************************************************************************************** 
2023-07-26 21:26:19,062 INFO  [Log] $$$$$$$$$$$$$$$$$$$$$                 My batch 16 test case starts here       $$$$$$$$$$$$$$$$$$$$$$$$$ 
2023-07-26 21:26:19,062 INFO  [Log] **************************************************************************************** 
2023-07-26 21:26:19,062 INFO  [Log] **************************************************************************************** 
2023-07-26 21:26:19,153 INFO  [Log] my username has been entered 
2023-07-26 21:26:19,221 INFO  [Log] My password has been entered 
2023-07-26 21:28:04,930 INFO  [Log] **************************************************************************************** 
2023-07-26 21:28:04,930 INFO  [Log] **************************************************************************************** 
2023-07-26 21:28:04,931 INFO  [Log] $$$$$$$$$$$$$$$$$$$$$                 My batch 16 test case starts here       $$$$$$$$$$$$$$$$$$$$$$$$$ 
2023-07-26 21:28:04,931 INFO  [Log] **************************************************************************************** 
2023-07-26 21:28:04,931 INFO  [Log] **************************************************************************************** 
2023-07-26 21:28:05,020 INFO  [Log] my username has been entered 
2023-07-26 21:28:05,089 INFO  [Log] My password has been entered 
2023-07-26 21:29:43,585 INFO  [Log] **************************************************************************************** 
2023-07-26 21:29:43,586 INFO  [Log] **************************************************************************************** 
2023-07-26 21:29:43,587 INFO  [Log] $$$$$$$$$$$$$$$$$$$$$                 My batch 16 test case starts here       $$$$$$$$$$$$$$$$$$$$$$$$$ 
2023-07-26 21:29:43,587 INFO  [Log] **************************************************************************************** 
2023-07-26 21:29:43,587 INFO  [Log] **************************************************************************************** 
2023-07-26 21:29:43,686 INFO  [Log] my username has been entered 
2023-07-26 21:29:43,755 INFO  [Log] My password has been entered 
